2011/03/23 19:54:24 [error] [php] Undefined variable: content_left (/var/www/p/alivsm/themes/petals/views/layouts/main.php:34)
Stack trace:
#0 /var/www/yii-1.1.6.r2877/framework/web/widgets/CContentDecorator.php(78): SiteController->renderFile()
#1 /var/www/yii-1.1.6.r2877/framework/web/widgets/CContentDecorator.php(56): CContentDecorator->decorate()
#2 /var/www/yii-1.1.6.r2877/framework/web/widgets/COutputProcessor.php(45): CContentDecorator->processOutput()
#3 /var/www/yii-1.1.6.r2877/framework/web/CBaseController.php(199): CContentDecorator->run()
#4 /var/www/yii-1.1.6.r2877/framework/web/CBaseController.php(294): SiteController->endWidget()
#5 /var/www/p/alivsm/themes/petals/views/layouts/column1.php(4): SiteController->endContent()
#6 /var/www/yii-1.1.6.r2877/framework/web/CBaseController.php(119): require()
#7 /var/www/yii-1.1.6.r2877/framework/web/CBaseController.php(88): SiteController->renderInternal()
#8 /var/www/yii-1.1.6.r2877/framework/web/CController.php(748): SiteController->renderFile()
#9 /var/www/p/alivsm/protected/controllers/SiteController.php(32): SiteController->render()
#10 /var/www/yii-1.1.6.r2877/framework/web/actions/CInlineAction.php(57): SiteController->actionIndex()
#11 /var/www/yii-1.1.6.r2877/framework/web/CController.php(300): CInlineAction->run()
#12 /var/www/yii-1.1.6.r2877/framework/web/CController.php(278): SiteController->runAction()
#13 /var/www/yii-1.1.6.r2877/framework/web/CController.php(257): SiteController->runActionWithFilters()
#14 /var/www/yii-1.1.6.r2877/framework/web/CWebApplication.php(328): SiteController->run()
#15 /var/www/yii-1.1.6.r2877/framework/web/CWebApplication.php(121): CWebApplication->runController()
#16 /var/www/yii-1.1.6.r2877/framework/base/CApplication.php(155): CWebApplication->processRequest()
#17 /var/www/p/alivsm/index.php(13): CWebApplication->run()
REQUEST_URI=/p/alivsm/
in /var/www/p/alivsm/themes/petals/views/layouts/main.php (34)
in /var/www/p/alivsm/themes/petals/views/layouts/column1.php (4)
in /var/www/p/alivsm/protected/controllers/SiteController.php (32)
2011/03/23 19:58:55 [error] [php] Undefined variable: content_left (/var/www/p/alivsm/protected/views/site/index.php:3)
Stack trace:
#0 /var/www/yii-1.1.6.r2877/framework/web/CController.php(833): SiteController->renderFile()
#1 /var/www/yii-1.1.6.r2877/framework/web/CController.php(746): SiteController->renderPartial()
#2 /var/www/p/alivsm/protected/controllers/SiteController.php(32): SiteController->render()
#3 /var/www/yii-1.1.6.r2877/framework/web/actions/CInlineAction.php(57): SiteController->actionIndex()
#4 /var/www/yii-1.1.6.r2877/framework/web/CController.php(300): CInlineAction->run()
#5 /var/www/yii-1.1.6.r2877/framework/web/CController.php(278): SiteController->runAction()
#6 /var/www/yii-1.1.6.r2877/framework/web/CController.php(257): SiteController->runActionWithFilters()
#7 /var/www/yii-1.1.6.r2877/framework/web/CWebApplication.php(328): SiteController->run()
#8 /var/www/yii-1.1.6.r2877/framework/web/CWebApplication.php(121): CWebApplication->runController()
#9 /var/www/yii-1.1.6.r2877/framework/base/CApplication.php(155): CWebApplication->processRequest()
#10 /var/www/p/alivsm/index.php(13): CWebApplication->run()
REQUEST_URI=/p/alivsm/
in /var/www/p/alivsm/protected/views/site/index.php (3)
in /var/www/p/alivsm/protected/controllers/SiteController.php (32)
in /var/www/p/alivsm/index.php (13)
2011/03/23 19:59:32 [error] [php] Undefined variable: content_left (/var/www/p/alivsm/protected/views/site/index.php:3)
Stack trace:
#0 /var/www/yii-1.1.6.r2877/framework/web/CController.php(833): SiteController->renderFile()
#1 /var/www/yii-1.1.6.r2877/framework/web/CController.php(746): SiteController->renderPartial()
#2 /var/www/p/alivsm/protected/controllers/SiteController.php(35): SiteController->render()
#3 /var/www/yii-1.1.6.r2877/framework/web/actions/CInlineAction.php(57): SiteController->actionIndex()
#4 /var/www/yii-1.1.6.r2877/framework/web/CController.php(300): CInlineAction->run()
#5 /var/www/yii-1.1.6.r2877/framework/web/CController.php(278): SiteController->runAction()
#6 /var/www/yii-1.1.6.r2877/framework/web/CController.php(257): SiteController->runActionWithFilters()
#7 /var/www/yii-1.1.6.r2877/framework/web/CWebApplication.php(328): SiteController->run()
#8 /var/www/yii-1.1.6.r2877/framework/web/CWebApplication.php(121): CWebApplication->runController()
#9 /var/www/yii-1.1.6.r2877/framework/base/CApplication.php(155): CWebApplication->processRequest()
#10 /var/www/p/alivsm/index.php(13): CWebApplication->run()
REQUEST_URI=/p/alivsm/
in /var/www/p/alivsm/protected/views/site/index.php (3)
in /var/www/p/alivsm/protected/controllers/SiteController.php (35)
in /var/www/p/alivsm/index.php (13)
2011/03/23 20:01:22 [error] [exception.CException] exception 'CException' with message 'SiteController cannot find the requested view "ali".' in /var/www/yii-1.1.6.r2877/framework/web/CController.php:842
Stack trace:
#0 /var/www/p/alivsm/protected/controllers/SiteController.php(35): CController->renderPartial('ali')
#1 /var/www/yii-1.1.6.r2877/framework/web/actions/CInlineAction.php(57): SiteController->actionIndex()
#2 /var/www/yii-1.1.6.r2877/framework/web/CController.php(300): CInlineAction->run()
#3 /var/www/yii-1.1.6.r2877/framework/web/CController.php(278): CController->runAction(Object(CInlineAction))
#4 /var/www/yii-1.1.6.r2877/framework/web/CController.php(257): CController->runActionWithFilters(Object(CInlineAction), Array)
#5 /var/www/yii-1.1.6.r2877/framework/web/CWebApplication.php(328): CController->run('')
#6 /var/www/yii-1.1.6.r2877/framework/web/CWebApplication.php(121): CWebApplication->runController('')
#7 /var/www/yii-1.1.6.r2877/framework/base/CApplication.php(155): CWebApplication->processRequest()
#8 /var/www/p/alivsm/index.php(13): CApplication->run()
#9 {main} REQUEST_URI=/p/alivsm/
2011/03/23 20:02:17 [error] [exception.CException] exception 'CException' with message 'SiteController cannot find the requested view "_ali".' in /var/www/yii-1.1.6.r2877/framework/web/CController.php:842
Stack trace:
#0 /var/www/p/alivsm/protected/controllers/SiteController.php(35): CController->renderPartial('_ali')
#1 /var/www/yii-1.1.6.r2877/framework/web/actions/CInlineAction.php(57): SiteController->actionIndex()
#2 /var/www/yii-1.1.6.r2877/framework/web/CController.php(300): CInlineAction->run()
#3 /var/www/yii-1.1.6.r2877/framework/web/CController.php(278): CController->runAction(Object(CInlineAction))
#4 /var/www/yii-1.1.6.r2877/framework/web/CController.php(257): CController->runActionWithFilters(Object(CInlineAction), Array)
#5 /var/www/yii-1.1.6.r2877/framework/web/CWebApplication.php(328): CController->run('')
#6 /var/www/yii-1.1.6.r2877/framework/web/CWebApplication.php(121): CWebApplication->runController('')
#7 /var/www/yii-1.1.6.r2877/framework/base/CApplication.php(155): CWebApplication->processRequest()
#8 /var/www/p/alivsm/index.php(13): CApplication->run()
#9 {main} REQUEST_URI=/p/alivsm/
2011/03/23 20:02:24 [error] [exception.CException] exception 'CException' with message 'SiteController cannot find the requested view "_ali".' in /var/www/yii-1.1.6.r2877/framework/web/CController.php:842
Stack trace:
#0 /var/www/p/alivsm/protected/controllers/SiteController.php(35): CController->renderPartial('_ali')
#1 /var/www/yii-1.1.6.r2877/framework/web/actions/CInlineAction.php(57): SiteController->actionIndex()
#2 /var/www/yii-1.1.6.r2877/framework/web/CController.php(300): CInlineAction->run()
#3 /var/www/yii-1.1.6.r2877/framework/web/CController.php(278): CController->runAction(Object(CInlineAction))
#4 /var/www/yii-1.1.6.r2877/framework/web/CController.php(257): CController->runActionWithFilters(Object(CInlineAction), Array)
#5 /var/www/yii-1.1.6.r2877/framework/web/CWebApplication.php(328): CController->run('')
#6 /var/www/yii-1.1.6.r2877/framework/web/CWebApplication.php(121): CWebApplication->runController('')
#7 /var/www/yii-1.1.6.r2877/framework/base/CApplication.php(155): CWebApplication->processRequest()
#8 /var/www/p/alivsm/index.php(13): CApplication->run()
#9 {main} REQUEST_URI=/p/alivsm/
2011/03/23 20:02:42 [error] [exception.CException] exception 'CException' with message 'SiteController cannot find the requested view "_im".' in /var/www/yii-1.1.6.r2877/framework/web/CController.php:842
Stack trace:
#0 /var/www/p/alivsm/protected/controllers/SiteController.php(36): CController->renderPartial('_im')
#1 /var/www/yii-1.1.6.r2877/framework/web/actions/CInlineAction.php(57): SiteController->actionIndex()
#2 /var/www/yii-1.1.6.r2877/framework/web/CController.php(300): CInlineAction->run()
#3 /var/www/yii-1.1.6.r2877/framework/web/CController.php(278): CController->runAction(Object(CInlineAction))
#4 /var/www/yii-1.1.6.r2877/framework/web/CController.php(257): CController->runActionWithFilters(Object(CInlineAction), Array)
#5 /var/www/yii-1.1.6.r2877/framework/web/CWebApplication.php(328): CController->run('')
#6 /var/www/yii-1.1.6.r2877/framework/web/CWebApplication.php(121): CWebApplication->runController('')
#7 /var/www/yii-1.1.6.r2877/framework/base/CApplication.php(155): CWebApplication->processRequest()
#8 /var/www/p/alivsm/index.php(13): CApplication->run()
#9 {main} REQUEST_URI=/p/alivsm/
2011/03/23 20:37:40 [error] [php] Undefined variable: intro (/var/www/p/alivsm/themes/petals/views/layouts/main.php:27)
Stack trace:
#0 /var/www/yii-1.1.6.r2877/framework/web/widgets/CContentDecorator.php(78): SiteController->renderFile()
#1 /var/www/yii-1.1.6.r2877/framework/web/widgets/CContentDecorator.php(56): CContentDecorator->decorate()
#2 /var/www/yii-1.1.6.r2877/framework/web/widgets/COutputProcessor.php(45): CContentDecorator->processOutput()
#3 /var/www/yii-1.1.6.r2877/framework/web/CBaseController.php(199): CContentDecorator->run()
#4 /var/www/yii-1.1.6.r2877/framework/web/CBaseController.php(294): SiteController->endWidget()
#5 /var/www/p/alivsm/themes/petals/views/layouts/column1.php(4): SiteController->endContent()
#6 /var/www/yii-1.1.6.r2877/framework/web/CBaseController.php(119): require()
#7 /var/www/yii-1.1.6.r2877/framework/web/CBaseController.php(88): SiteController->renderInternal()
#8 /var/www/yii-1.1.6.r2877/framework/web/CController.php(748): SiteController->renderFile()
#9 /var/www/p/alivsm/protected/controllers/SiteController.php(48): SiteController->render()
#10 /var/www/yii-1.1.6.r2877/framework/web/actions/CInlineAction.php(57): SiteController->actionIndex()
#11 /var/www/yii-1.1.6.r2877/framework/web/CController.php(300): CInlineAction->run()
#12 /var/www/yii-1.1.6.r2877/framework/web/CController.php(278): SiteController->runAction()
#13 /var/www/yii-1.1.6.r2877/framework/web/CController.php(257): SiteController->runActionWithFilters()
#14 /var/www/yii-1.1.6.r2877/framework/web/CWebApplication.php(328): SiteController->run()
#15 /var/www/yii-1.1.6.r2877/framework/web/CWebApplication.php(121): CWebApplication->runController()
#16 /var/www/yii-1.1.6.r2877/framework/base/CApplication.php(155): CWebApplication->processRequest()
#17 /var/www/p/alivsm/index.php(13): CWebApplication->run()
REQUEST_URI=/p/alivsm/
in /var/www/p/alivsm/themes/petals/views/layouts/main.php (27)
in /var/www/p/alivsm/themes/petals/views/layouts/column1.php (4)
in /var/www/p/alivsm/protected/controllers/SiteController.php (48)
2011/03/23 21:21:49 [error] [exception.CHttpException.404] exception 'CHttpException' with message 'The system is unable to find the requested action "vote".' in /var/www/yii-1.1.6.r2877/framework/web/CController.php:444
Stack trace:
#0 /var/www/yii-1.1.6.r2877/framework/web/CController.php(262): CController->missingAction('vote')
#1 /var/www/yii-1.1.6.r2877/framework/web/CWebApplication.php(328): CController->run('vote')
#2 /var/www/yii-1.1.6.r2877/framework/web/CWebApplication.php(121): CWebApplication->runController('site/vote')
#3 /var/www/yii-1.1.6.r2877/framework/base/CApplication.php(155): CWebApplication->processRequest()
#4 /var/www/p/alivsm/index.php(13): CApplication->run()
#5 {main} REQUEST_URI=/p/alivsm/index.php?r=site/vote&param=a&_=1300929709321
2011/03/23 21:22:22 [error] [exception.CHttpException.404] exception 'CHttpException' with message 'The system is unable to find the requested action "vote".' in /var/www/yii-1.1.6.r2877/framework/web/CController.php:444
Stack trace:
#0 /var/www/yii-1.1.6.r2877/framework/web/CController.php(262): CController->missingAction('vote')
#1 /var/www/yii-1.1.6.r2877/framework/web/CWebApplication.php(328): CController->run('vote')
#2 /var/www/yii-1.1.6.r2877/framework/web/CWebApplication.php(121): CWebApplication->runController('site/vote')
#3 /var/www/yii-1.1.6.r2877/framework/base/CApplication.php(155): CWebApplication->processRequest()
#4 /var/www/p/alivsm/index.php(13): CApplication->run()
#5 {main} REQUEST_URI=/p/alivsm/index.php?r=site/vote&param=a&_=1300929742132
2011/03/23 22:15:54 [error] [php] Division by zero (/var/www/p/alivsm/protected/views/site/_ali.php:17)
Stack trace:
#0 /var/www/yii-1.1.6.r2877/framework/web/CController.php(833): SiteController->renderFile()
#1 /var/www/p/alivsm/protected/controllers/SiteController.php(36): SiteController->renderPartial()
#2 /var/www/yii-1.1.6.r2877/framework/web/actions/CInlineAction.php(57): SiteController->actionIndex()
#3 /var/www/yii-1.1.6.r2877/framework/web/CController.php(300): CInlineAction->run()
#4 /var/www/yii-1.1.6.r2877/framework/web/CController.php(278): SiteController->runAction()
#5 /var/www/yii-1.1.6.r2877/framework/web/CController.php(257): SiteController->runActionWithFilters()
#6 /var/www/yii-1.1.6.r2877/framework/web/CWebApplication.php(328): SiteController->run()
#7 /var/www/yii-1.1.6.r2877/framework/web/CWebApplication.php(121): CWebApplication->runController()
#8 /var/www/yii-1.1.6.r2877/framework/base/CApplication.php(155): CWebApplication->processRequest()
#9 /var/www/p/alivsm/index.php(13): CWebApplication->run()
REQUEST_URI=/p/alivsm/
in /var/www/p/alivsm/protected/views/site/_ali.php (17)
in /var/www/p/alivsm/protected/controllers/SiteController.php (36)
in /var/www/p/alivsm/index.php (13)
2011/03/23 22:18:05 [error] [php] Division by zero (/var/www/p/alivsm/protected/views/site/_ali.php:17)
Stack trace:
#0 /var/www/yii-1.1.6.r2877/framework/web/CController.php(833): SiteController->renderFile()
#1 /var/www/p/alivsm/protected/controllers/SiteController.php(36): SiteController->renderPartial()
#2 /var/www/yii-1.1.6.r2877/framework/web/actions/CInlineAction.php(57): SiteController->actionIndex()
#3 /var/www/yii-1.1.6.r2877/framework/web/CController.php(300): CInlineAction->run()
#4 /var/www/yii-1.1.6.r2877/framework/web/CController.php(278): SiteController->runAction()
#5 /var/www/yii-1.1.6.r2877/framework/web/CController.php(257): SiteController->runActionWithFilters()
#6 /var/www/yii-1.1.6.r2877/framework/web/CWebApplication.php(328): SiteController->run()
#7 /var/www/yii-1.1.6.r2877/framework/web/CWebApplication.php(121): CWebApplication->runController()
#8 /var/www/yii-1.1.6.r2877/framework/base/CApplication.php(155): CWebApplication->processRequest()
#9 /var/www/p/alivsm/index.php(13): CWebApplication->run()
REQUEST_URI=/p/alivsm/
in /var/www/p/alivsm/protected/views/site/_ali.php (17)
in /var/www/p/alivsm/protected/controllers/SiteController.php (36)
in /var/www/p/alivsm/index.php (13)
